# JRE version: OpenJDK Runtime Environment Temurin-21.0.10+7 (21.0.10+7) (build 21.0.10+7-LTS)
# Java VM: OpenJDK 64-Bit Server VM Temurin-21.0.10+7 (21.0.10+7-LTS, mixed mode, sharing, tiered, compressed oops, compressed class ptrs, parallel gc, windows-amd64)
GC Precious Log:
 CardTable entry size: 512
 CPUs: 4 total, 4 available
 Memory: 3879M
 Large Page Support: Disabled
 NUMA Support: Disabled
 Compressed Oops: Enabled (32-bit)
 Alignments: Space 512K, Generation 512K, Heap 2M
 Heap Min Capacity: 100M
 Heap Initial Capacity: 100M
 Heap Max Capacity: 2G
 Pre-touch: Disabled
 Parallel Workers: 4
Heap:
 PSYoungGen      total 13312K, used 3512K [0x00000000d5580000, 0x00000000d6380000, 0x0000000100000000)
  eden space 11264K, 31% used [0x00000000d5580000,0x00000000d58ee340,0x00000000d6080000)
  from space 2048K, 0% used [0x00000000d6080000,0x00000000d6080000,0x00000000d6280000)
  to   space 1024K, 0% used [0x00000000d6280000,0x00000000d6280000,0x00000000d6380000)
 ParOldGen       total 77824K, used 62012K [0x0000000080000000, 0x0000000084c00000, 0x00000000d5580000)
  object space 77824K, 79% used [0x0000000080000000,0x0000000083c8f110,0x0000000084c00000)
 Metaspace       used 58692K, committed 60096K, reserved 1114112K
  class space    used 6300K, committed 6848K, reserved 1048576K
GC Heap History (20 events):
Event: 51.549 GC heap before
{Heap before GC invocations=93 (full 2):
 PSYoungGen      total 12800K, used 12608K [0x00000000d5580000, 0x00000000d6300000, 0x0000000100000000)
  eden space 12288K, 100% used [0x00000000d5580000,0x00000000d6180000,0x00000000d6180000)
  from space 512K, 62% used [0x00000000d6280000,0x00000000d62d0000,0x00000000d6300000)
  to   space 512K, 0% used [0x00000000d6200000,0x00000000d6200000,0x00000000d6280000)
 ParOldGen       total 73216K, used 72602K [0x0000000080000000, 0x0000000084780000, 0x00000000d5580000)
  object space 73216K, 99% used [0x0000000080000000,0x00000000846e6b80,0x0000000084780000)
 Metaspace       used 53874K, committed 55232K, reserved 1114112K
  class space    used 5732K, committed 6272K, reserved 1048576K
}
Event: 51.551 GC heap after
{Heap after GC invocations=93 (full 2):
 PSYoungGen      total 12800K, used 416K [0x00000000d5580000, 0x00000000d6300000, 0x0000000100000000)
  eden space 12288K, 0% used [0x00000000d5580000,0x00000000d5580000,0x00000000d6180000)
  from space 512K, 81% used [0x00000000d6200000,0x00000000d6268000,0x00000000d6280000)
  to   space 512K, 0% used [0x00000000d6280000,0x00000000d6280000,0x00000000d6300000)
 ParOldGen       total 73216K, used 72850K [0x0000000080000000, 0x0000000084780000, 0x00000000d5580000)
  object space 73216K, 99% used [0x0000000080000000,0x0000000084724b80,0x0000000084780000)
 Metaspace       used 53874K, committed 55232K, reserved 1114112K
  class space    used 5732K, committed 6272K, reserved 1048576K
}
Event: 51.665 GC heap before
{Heap before GC invocations=94 (full 2):
 PSYoungGen      total 12800K, used 12704K [0x00000000d5580000, 0x00000000d6300000, 0x0000000100000000)
  eden space 12288K, 100% used [0x00000000d5580000,0x00000000d6180000,0x00000000d6180000)
  from space 512K, 81% used [0x00000000d6200000,0x00000000d6268000,0x00000000d6280000)
  to   space 512K, 0% used [0x00000000d6280000,0x00000000d6280000,0x00000000d6300000)
 ParOldGen       total 73216K, used 72850K [0x0000000080000000, 0x0000000084780000, 0x00000000d5580000)
  object space 73216K, 99% used [0x0000000080000000,0x0000000084724b80,0x0000000084780000)
 Metaspace       used 53874K, committed 55232K, reserved 1114112K
  class space    used 5732K, committed 6272K, reserved 1048576K
}
Event: 51.666 GC heap after
{Heap after GC invocations=94 (full 2):
 PSYoungGen      total 12800K, used 320K [0x00000000d5580000, 0x00000000d6300000, 0x0000000100000000)
  eden space 12288K, 0% used [0x00000000d5580000,0x00000000d5580000,0x00000000d6180000)
  from space 512K, 62% used [0x00000000d6280000,0x00000000d62d0000,0x00000000d6300000)
  to   space 512K, 0% used [0x00000000d6200000,0x00000000d6200000,0x00000000d6280000)
 ParOldGen       total 73216K, used 73202K [0x0000000080000000, 0x0000000084780000, 0x00000000d5580000)
  object space 73216K, 99% used [0x0000000080000000,0x000000008477cb80,0x0000000084780000)
 Metaspace       used 53874K, committed 55232K, reserved 1114112K
  class space    used 5732K, committed 6272K, reserved 1048576K
}
Event: 52.391 GC heap before
{Heap before GC invocations=95 (full 2):
 PSYoungGen      total 12800K, used 12608K [0x00000000d5580000, 0x00000000d6300000, 0x0000000100000000)
  eden space 12288K, 100% used [0x00000000d5580000,0x00000000d6180000,0x00000000d6180000)
  from space 512K, 62% used [0x00000000d6280000,0x00000000d62d0000,0x00000000d6300000)
  to   space 512K, 0% used [0x00000000d6200000,0x00000000d6200000,0x00000000d6280000)
 ParOldGen       total 73216K, used 73202K [0x0000000080000000, 0x0000000084780000, 0x00000000d5580000)
  object space 73216K, 99% used [0x0000000080000000,0x000000008477cb80,0x0000000084780000)
 Metaspace       used 53999K, committed 55360K, reserved 1114112K
  class space    used 5743K, committed 6272K, reserved 1048576K
}
Event: 52.392 GC heap after
{Heap after GC invocations=95 (full 2):
 PSYoungGen      total 12800K, used 496K [0x00000000d5580000, 0x00000000d6480000, 0x0000000100000000)
  eden space 12288K, 0% used [0x00000000d5580000,0x00000000d5580000,0x00000000d6180000)
  from space 512K, 96% used [0x00000000d6200000,0x00000000d627c010,0x00000000d6280000)
  to   space 1536K, 0% used [0x00000000d6300000,0x00000000d6300000,0x00000000d6480000)
 ParOldGen       total 74240K, used 73954K [0x0000000080000000, 0x0000000084880000, 0x00000000d5580000)
  object space 74240K, 99% used [0x0000000080000000,0x0000000084838b80,0x0000000084880000)
 Metaspace       used 53999K, committed 55360K, reserved 1114112K
  class space    used 5743K, committed 6272K, reserved 1048576K
}
Event: 53.010 GC heap before
{Heap before GC invocations=96 (full 2):
 PSYoungGen      total 12800K, used 12736K [0x00000000d5580000, 0x00000000d6480000, 0x0000000100000000)
  eden space 12288K, 99% used [0x00000000d5580000,0x00000000d61743b8,0x00000000d6180000)
  from space 512K, 96% used [0x00000000d6200000,0x00000000d627c010,0x00000000d6280000)
  to   space 1536K, 0% used [0x00000000d6300000,0x00000000d6300000,0x00000000d6480000)
 ParOldGen       total 74240K, used 73954K [0x0000000080000000, 0x0000000084880000, 0x00000000d5580000)
  object space 74240K, 99% used [0x0000000080000000,0x0000000084838b80,0x0000000084880000)
 Metaspace       used 54436K, committed 55808K, reserved 1114112K
  class space    used 5778K, committed 6336K, reserved 1048576K
}
Event: 53.012 GC heap after
{Heap after GC invocations=96 (full 2):
 PSYoungGen      total 13824K, used 1056K [0x00000000d5580000, 0x00000000d6480000, 0x0000000100000000)
  eden space 12288K, 0% used [0x00000000d5580000,0x00000000d5580000,0x00000000d6180000)
  from space 1536K, 68% used [0x00000000d6300000,0x00000000d64080c8,0x00000000d6480000)
  to   space 1536K, 0% used [0x00000000d6180000,0x00000000d6180000,0x00000000d6300000)
 ParOldGen       total 74752K, used 74434K [0x0000000080000000, 0x0000000084900000, 0x00000000d5580000)
  object space 74752K, 99% used [0x0000000080000000,0x00000000848b0b80,0x0000000084900000)
 Metaspace       used 54436K, committed 55808K, reserved 1114112K
  class space    used 5778K, committed 6336K, reserved 1048576K
}
Event: 53.537 GC heap before
{Heap before GC invocations=97 (full 2):
 PSYoungGen      total 13824K, used 13344K [0x00000000d5580000, 0x00000000d6480000, 0x0000000100000000)
  eden space 12288K, 100% used [0x00000000d5580000,0x00000000d6180000,0x00000000d6180000)
  from space 1536K, 68% used [0x00000000d6300000,0x00000000d64080c8,0x00000000d6480000)
  to   space 1536K, 0% used [0x00000000d6180000,0x00000000d6180000,0x00000000d6300000)
 ParOldGen       total 74752K, used 74434K [0x0000000080000000, 0x0000000084900000, 0x00000000d5580000)
  object space 74752K, 99% used [0x0000000080000000,0x00000000848b0b80,0x0000000084900000)
 Metaspace       used 55954K, committed 57344K, reserved 1114112K
  class space    used 5976K, committed 6528K, reserved 1048576K
}
Event: 53.538 GC heap after
{Heap after GC invocations=97 (full 2):
 PSYoungGen      total 12800K, used 427K [0x00000000d5580000, 0x00000000d6380000, 0x0000000100000000)
  eden space 12288K, 0% used [0x00000000d5580000,0x00000000d5580000,0x00000000d6180000)
  from space 512K, 83% used [0x00000000d6180000,0x00000000d61eae58,0x00000000d6200000)
  to   space 1024K, 0% used [0x00000000d6280000,0x00000000d6280000,0x00000000d6380000)
 ParOldGen       total 75776K, used 75278K [0x0000000080000000, 0x0000000084a00000, 0x00000000d5580000)
  object space 75776K, 99% used [0x0000000080000000,0x0000000084983870,0x0000000084a00000)
 Metaspace       used 55954K, committed 57344K, reserved 1114112K
  class space    used 5976K, committed 6528K, reserved 1048576K
}
Event: 54.022 GC heap before
{Heap before GC invocations=98 (full 2):
 PSYoungGen      total 12800K, used 12715K [0x00000000d5580000, 0x00000000d6380000, 0x0000000100000000)
  eden space 12288K, 100% used [0x00000000d5580000,0x00000000d6180000,0x00000000d6180000)
  from space 512K, 83% used [0x00000000d6180000,0x00000000d61eae58,0x00000000d6200000)
  to   space 1024K, 0% used [0x00000000d6280000,0x00000000d6280000,0x00000000d6380000)
 ParOldGen       total 75776K, used 75278K [0x0000000080000000, 0x0000000084a00000, 0x00000000d5580000)
  object space 75776K, 99% used [0x0000000080000000,0x0000000084983870,0x0000000084a00000)
 Metaspace       used 56367K, committed 57728K, reserved 1114112K
  class space    used 6043K, committed 6592K, reserved 1048576K
}
Event: 54.023 GC heap after
{Heap after GC invocations=98 (full 2):
 PSYoungGen      total 12800K, used 224K [0x00000000d5580000, 0x00000000d6300000, 0x0000000100000000)
  eden space 12288K, 0% used [0x00000000d5580000,0x00000000d5580000,0x00000000d6180000)
  from space 512K, 43% used [0x00000000d6280000,0x00000000d62b8000,0x00000000d6300000)
  to   space 512K, 0% used [0x00000000d6180000,0x00000000d6180000,0x00000000d6200000)
 ParOldGen       total 75776K, used 75633K [0x0000000080000000, 0x0000000084a00000, 0x00000000d5580000)
  object space 75776K, 99% used [0x0000000080000000,0x00000000849dc6c8,0x0000000084a00000)
 Metaspace       used 56367K, committed 57728K, reserved 1114112K
  class space    used 6043K, committed 6592K, reserved 1048576K
}
Event: 54.382 GC heap before
{Heap before GC invocations=99 (full 2):
 PSYoungGen      total 12800K, used 12512K [0x00000000d5580000, 0x00000000d6300000, 0x0000000100000000)
  eden space 12288K, 100% used [0x00000000d5580000,0x00000000d6180000,0x00000000d6180000)
  from space 512K, 43% used [0x00000000d6280000,0x00000000d62b8000,0x00000000d6300000)
  to   space 512K, 0% used [0x00000000d6180000,0x00000000d6180000,0x00000000d6200000)
 ParOldGen       total 75776K, used 75633K [0x0000000080000000, 0x0000000084a00000, 0x00000000d5580000)
  object space 75776K, 99% used [0x0000000080000000,0x00000000849dc6c8,0x0000000084a00000)
 Metaspace       used 57011K, committed 58368K, reserved 1114112K
  class space    used 6111K, committed 6656K, reserved 1048576K
}
Event: 54.383 GC heap after
{Heap after GC invocations=99 (full 2):
 PSYoungGen      total 12800K, used 192K [0x00000000d5580000, 0x00000000d6300000, 0x0000000100000000)
  eden space 12288K, 0% used [0x00000000d5580000,0x00000000d5580000,0x00000000d6180000)
  from space 512K, 37% used [0x00000000d6180000,0x00000000d61b0000,0x00000000d6200000)
  to   space 512K, 0% used [0x00000000d6280000,0x00000000d6280000,0x00000000d6300000)
 ParOldGen       total 76288K, used 75785K [0x0000000080000000, 0x0000000084a80000, 0x00000000d5580000)
  object space 76288K, 99% used [0x0000000080000000,0x0000000084a026c8,0x0000000084a80000)
 Metaspace       used 57011K, committed 58368K, reserved 1114112K
  class space    used 6111K, committed 6656K, reserved 1048576K
}
Event: 55.001 GC heap before
{Heap before GC invocations=100 (full 2):
 PSYoungGen      total 12800K, used 12480K [0x00000000d5580000, 0x00000000d6300000, 0x0000000100000000)
  eden space 12288K, 100% used [0x00000000d5580000,0x00000000d6180000,0x00000000d6180000)
  from space 512K, 37% used [0x00000000d6180000,0x00000000d61b0000,0x00000000d6200000)
  to   space 512K, 0% used [0x00000000d6280000,0x00000000d6280000,0x00000000d6300000)
 ParOldGen       total 76288K, used 75785K [0x0000000080000000, 0x0000000084a80000, 0x00000000d5580000)
  object space 76288K, 99% used [0x0000000080000000,0x0000000084a026c8,0x0000000084a80000)
 Metaspace       used 58300K, committed 59712K, reserved 1114112K
  class space    used 6230K, committed 6784K, reserved 1048576K
}
Event: 55.004 GC heap after
{Heap after GC invocations=100 (full 2):
 PSYoungGen      total 11776K, used 512K [0x00000000d5580000, 0x00000000d6580000, 0x0000000100000000)
  eden space 11264K, 0% used [0x00000000d5580000,0x00000000d5580000,0x00000000d6080000)
  from space 512K, 100% used [0x00000000d6280000,0x00000000d6300000,0x00000000d6300000)
  to   space 2048K, 0% used [0x00000000d6080000,0x00000000d6080000,0x00000000d6280000)
 ParOldGen       total 77312K, used 76863K [0x0000000080000000, 0x0000000084b80000, 0x00000000d5580000)
  object space 77312K, 99% used [0x0000000080000000,0x0000000084b0ff00,0x0000000084b80000)
 Metaspace       used 58300K, committed 59712K, reserved 1114112K
  class space    used 6230K, committed 6784K, reserved 1048576K
}
Event: 55.035 GC heap before
{Heap before GC invocations=101 (full 2):
 PSYoungGen      total 11776K, used 1232K [0x00000000d5580000, 0x00000000d6580000, 0x0000000100000000)
  eden space 11264K, 6% used [0x00000000d5580000,0x00000000d5634130,0x00000000d6080000)
  from space 512K, 100% used [0x00000000d6280000,0x00000000d6300000,0x00000000d6300000)
  to   space 2048K, 0% used [0x00000000d6080000,0x00000000d6080000,0x00000000d6280000)
 ParOldGen       total 77312K, used 76863K [0x0000000080000000, 0x0000000084b80000, 0x00000000d5580000)
  object space 77312K, 99% used [0x0000000080000000,0x0000000084b0ff00,0x0000000084b80000)
 Metaspace       used 58398K, committed 59776K, reserved 1114112K
  class space    used 6246K, committed 6784K, reserved 1048576K
}
Event: 55.037 GC heap after
{Heap after GC invocations=101 (full 2):
 PSYoungGen      total 13312K, used 96K [0x00000000d5580000, 0x00000000d6380000, 0x0000000100000000)
  eden space 11264K, 0% used [0x00000000d5580000,0x00000000d5580000,0x00000000d6080000)
  from space 2048K, 4% used [0x00000000d6080000,0x00000000d6098000,0x00000000d6280000)
  to   space 1024K, 0% used [0x00000000d6280000,0x00000000d6280000,0x00000000d6380000)
 ParOldGen       total 77824K, used 77367K [0x0000000080000000, 0x0000000084c00000, 0x00000000d5580000)
  object space 77824K, 99% used [0x0000000080000000,0x0000000084b8df00,0x0000000084c00000)
 Metaspace       used 58398K, committed 59776K, reserved 1114112K
  class space    used 6246K, committed 6784K, reserved 1048576K
}
Event: 55.037 GC heap before
{Heap before GC invocations=102 (full 3):
 PSYoungGen      total 13312K, used 96K [0x00000000d5580000, 0x00000000d6380000, 0x0000000100000000)
  eden space 11264K, 0% used [0x00000000d5580000,0x00000000d5580000,0x00000000d6080000)
  from space 2048K, 4% used [0x00000000d6080000,0x00000000d6098000,0x00000000d6280000)
  to   space 1024K, 0% used [0x00000000d6280000,0x00000000d6280000,0x00000000d6380000)
 ParOldGen       total 77824K, used 77367K [0x0000000080000000, 0x0000000084c00000, 0x00000000d5580000)
  object space 77824K, 99% used [0x0000000080000000,0x0000000084b8df00,0x0000000084c00000)
 Metaspace       used 58398K, committed 59776K, reserved 1114112K
  class space    used 6246K, committed 6784K, reserved 1048576K
}
Event: 55.507 GC heap after
{Heap after GC invocations=102 (full 3):
 PSYoungGen      total 13312K, used 0K [0x00000000d5580000, 0x00000000d6380000, 0x0000000100000000)
  eden space 11264K, 0% used [0x00000000d5580000,0x00000000d5580000,0x00000000d6080000)
  from space 2048K, 0% used [0x00000000d6080000,0x00000000d6080000,0x00000000d6280000)
  to   space 1024K, 0% used [0x00000000d6280000,0x00000000d6280000,0x00000000d6380000)
 ParOldGen       total 77824K, used 62012K [0x0000000080000000, 0x0000000084c00000, 0x00000000d5580000)
  object space 77824K, 79% used [0x0000000080000000,0x0000000083c8f110,0x0000000084c00000)
 Metaspace       used 58393K, committed 59776K, reserved 1114112K
  class space    used 6244K, committed 6784K, reserved 1048576K
}

