# JRE version: OpenJDK Runtime Environment Temurin-21.0.10+7 (21.0.10+7) (build 21.0.10+7-LTS)
# Java VM: OpenJDK 64-Bit Server VM Temurin-21.0.10+7 (21.0.10+7-LTS, mixed mode, sharing, tiered, compressed oops, compressed class ptrs, parallel gc, windows-amd64)
GC Precious Log:
 CardTable entry size: 512
 CPUs: 4 total, 4 available
 Memory: 3879M
 Large Page Support: Disabled
 NUMA Support: Disabled
 Compressed Oops: Enabled (32-bit)
 Alignments: Space 512K, Generation 512K, Heap 2M
 Heap Min Capacity: 100M
 Heap Initial Capacity: 100M
 Heap Max Capacity: 2G
 Pre-touch: Disabled
 Parallel Workers: 4
Heap:
 PSYoungGen      total 3584K, used 2969K [0x00000000d5580000, 0x00000000d5c80000, 0x0000000100000000)
  eden space 3072K, 92% used [0x00000000d5580000,0x00000000d58464a8,0x00000000d5880000)
  from space 512K, 25% used [0x00000000d5b80000,0x00000000d5ba0000,0x00000000d5c00000)
  to   space 512K, 0% used [0x00000000d5c00000,0x00000000d5c00000,0x00000000d5c80000)
 ParOldGen       total 411136K, used 410948K [0x0000000080000000, 0x0000000099180000, 0x00000000d5580000)
  object space 411136K, 99% used [0x0000000080000000,0x00000000991513f8,0x0000000099180000)
 Metaspace       used 66402K, committed 67840K, reserved 1114112K
  class space    used 7139K, committed 7744K, reserved 1048576K
GC Heap History (20 events):
Event: 47.740 GC heap before
{Heap before GC invocations=445 (full 3):
 PSYoungGen      total 5120K, used 3554K [0x00000000d5580000, 0x00000000d5d80000, 0x0000000100000000)
  eden space 3072K, 99% used [0x00000000d5580000,0x00000000d587fae0,0x00000000d5880000)
  from space 2048K, 23% used [0x00000000d5a00000,0x00000000d5a78e18,0x00000000d5c00000)
  to   space 1024K, 0% used [0x00000000d5c80000,0x00000000d5c80000,0x00000000d5d80000)
 ParOldGen       total 408064K, used 407804K [0x0000000080000000, 0x0000000098e80000, 0x00000000d5580000)
  object space 408064K, 99% used [0x0000000080000000,0x0000000098e3f248,0x0000000098e80000)
 Metaspace       used 65037K, committed 66368K, reserved 1114112K
  class space    used 7000K, committed 7552K, reserved 1048576K
}
Event: 47.742 GC heap after
{Heap after GC invocations=445 (full 3):
 PSYoungGen      total 3584K, used 384K [0x00000000d5580000, 0x00000000d5d00000, 0x0000000100000000)
  eden space 3072K, 0% used [0x00000000d5580000,0x00000000d5580000,0x00000000d5880000)
  from space 512K, 75% used [0x00000000d5c80000,0x00000000d5ce0000,0x00000000d5d00000)
  to   space 512K, 0% used [0x00000000d5c00000,0x00000000d5c00000,0x00000000d5c80000)
 ParOldGen       total 408576K, used 408204K [0x0000000080000000, 0x0000000098f00000, 0x00000000d5580000)
  object space 408576K, 99% used [0x0000000080000000,0x0000000098ea3000,0x0000000098f00000)
 Metaspace       used 65037K, committed 66368K, reserved 1114112K
  class space    used 7000K, committed 7552K, reserved 1048576K
}
Event: 47.828 GC heap before
{Heap before GC invocations=446 (full 3):
 PSYoungGen      total 3584K, used 3456K [0x00000000d5580000, 0x00000000d5d00000, 0x0000000100000000)
  eden space 3072K, 100% used [0x00000000d5580000,0x00000000d5880000,0x00000000d5880000)
  from space 512K, 75% used [0x00000000d5c80000,0x00000000d5ce0000,0x00000000d5d00000)
  to   space 512K, 0% used [0x00000000d5c00000,0x00000000d5c00000,0x00000000d5c80000)
 ParOldGen       total 408576K, used 408204K [0x0000000080000000, 0x0000000098f00000, 0x00000000d5580000)
  object space 408576K, 99% used [0x0000000080000000,0x0000000098ea3000,0x0000000098f00000)
 Metaspace       used 65325K, committed 66688K, reserved 1114112K
  class space    used 7037K, committed 7616K, reserved 1048576K
}
Event: 47.831 GC heap after
{Heap after GC invocations=446 (full 3):
 PSYoungGen      total 3584K, used 192K [0x00000000d5580000, 0x00000000d5d00000, 0x0000000100000000)
  eden space 3072K, 0% used [0x00000000d5580000,0x00000000d5580000,0x00000000d5880000)
  from space 512K, 37% used [0x00000000d5c00000,0x00000000d5c30000,0x00000000d5c80000)
  to   space 512K, 0% used [0x00000000d5c80000,0x00000000d5c80000,0x00000000d5d00000)
 ParOldGen       total 408576K, used 408519K [0x0000000080000000, 0x0000000098f00000, 0x00000000d5580000)
  object space 408576K, 99% used [0x0000000080000000,0x0000000098ef1c08,0x0000000098f00000)
 Metaspace       used 65325K, committed 66688K, reserved 1114112K
  class space    used 7037K, committed 7616K, reserved 1048576K
}
Event: 47.855 GC heap before
{Heap before GC invocations=447 (full 3):
 PSYoungGen      total 3584K, used 3264K [0x00000000d5580000, 0x00000000d5d00000, 0x0000000100000000)
  eden space 3072K, 100% used [0x00000000d5580000,0x00000000d5880000,0x00000000d5880000)
  from space 512K, 37% used [0x00000000d5c00000,0x00000000d5c30000,0x00000000d5c80000)
  to   space 512K, 0% used [0x00000000d5c80000,0x00000000d5c80000,0x00000000d5d00000)
 ParOldGen       total 408576K, used 408519K [0x0000000080000000, 0x0000000098f00000, 0x00000000d5580000)
  object space 408576K, 99% used [0x0000000080000000,0x0000000098ef1c08,0x0000000098f00000)
 Metaspace       used 65357K, committed 66752K, reserved 1114112K
  class space    used 7040K, committed 7616K, reserved 1048576K
}
Event: 47.857 GC heap after
{Heap after GC invocations=447 (full 3):
 PSYoungGen      total 3584K, used 485K [0x00000000d5580000, 0x00000000d5d00000, 0x0000000100000000)
  eden space 3072K, 0% used [0x00000000d5580000,0x00000000d5580000,0x00000000d5880000)
  from space 512K, 94% used [0x00000000d5c80000,0x00000000d5cf9618,0x00000000d5d00000)
  to   space 1536K, 0% used [0x00000000d5a00000,0x00000000d5a00000,0x00000000d5b80000)
 ParOldGen       total 409088K, used 409042K [0x0000000080000000, 0x0000000098f80000, 0x00000000d5580000)
  object space 409088K, 99% used [0x0000000080000000,0x0000000098f74a20,0x0000000098f80000)
 Metaspace       used 65357K, committed 66752K, reserved 1114112K
  class space    used 7040K, committed 7616K, reserved 1048576K
}
Event: 47.874 GC heap before
{Heap before GC invocations=448 (full 3):
 PSYoungGen      total 3584K, used 3557K [0x00000000d5580000, 0x00000000d5d00000, 0x0000000100000000)
  eden space 3072K, 100% used [0x00000000d5580000,0x00000000d5880000,0x00000000d5880000)
  from space 512K, 94% used [0x00000000d5c80000,0x00000000d5cf9618,0x00000000d5d00000)
  to   space 1536K, 0% used [0x00000000d5a00000,0x00000000d5a00000,0x00000000d5b80000)
 ParOldGen       total 409088K, used 409042K [0x0000000080000000, 0x0000000098f80000, 0x00000000d5580000)
  object space 409088K, 99% used [0x0000000080000000,0x0000000098f74a20,0x0000000098f80000)
 Metaspace       used 65488K, committed 66880K, reserved 1114112K
  class space    used 7045K, committed 7616K, reserved 1048576K
}
Event: 47.876 GC heap after
{Heap after GC invocations=448 (full 3):
 PSYoungGen      total 4608K, used 263K [0x00000000d5580000, 0x00000000d5d00000, 0x0000000100000000)
  eden space 3072K, 0% used [0x00000000d5580000,0x00000000d5580000,0x00000000d5880000)
  from space 1536K, 17% used [0x00000000d5a00000,0x00000000d5a41ee0,0x00000000d5b80000)
  to   space 1024K, 0% used [0x00000000d5c00000,0x00000000d5c00000,0x00000000d5d00000)
 ParOldGen       total 409600K, used 409454K [0x0000000080000000, 0x0000000099000000, 0x00000000d5580000)
  object space 409600K, 99% used [0x0000000080000000,0x0000000098fdb890,0x0000000099000000)
 Metaspace       used 65488K, committed 66880K, reserved 1114112K
  class space    used 7045K, committed 7616K, reserved 1048576K
}
Event: 113.635 GC heap before
{Heap before GC invocations=449 (full 3):
 PSYoungGen      total 4608K, used 3335K [0x00000000d5580000, 0x00000000d5d00000, 0x0000000100000000)
  eden space 3072K, 100% used [0x00000000d5580000,0x00000000d5880000,0x00000000d5880000)
  from space 1536K, 17% used [0x00000000d5a00000,0x00000000d5a41ee0,0x00000000d5b80000)
  to   space 1024K, 0% used [0x00000000d5c00000,0x00000000d5c00000,0x00000000d5d00000)
 ParOldGen       total 409600K, used 409454K [0x0000000080000000, 0x0000000099000000, 0x00000000d5580000)
  object space 409600K, 99% used [0x0000000080000000,0x0000000098fdb890,0x0000000099000000)
 Metaspace       used 65787K, committed 67200K, reserved 1114112K
  class space    used 7087K, committed 7680K, reserved 1048576K
}
Event: 113.938 GC heap after
{Heap after GC invocations=449 (full 3):
 PSYoungGen      total 3584K, used 192K [0x00000000d5580000, 0x00000000d5c80000, 0x0000000100000000)
  eden space 3072K, 0% used [0x00000000d5580000,0x00000000d5580000,0x00000000d5880000)
  from space 512K, 37% used [0x00000000d5c00000,0x00000000d5c30000,0x00000000d5c80000)
  to   space 512K, 0% used [0x00000000d5b80000,0x00000000d5b80000,0x00000000d5c00000)
 ParOldGen       total 409600K, used 409589K [0x0000000080000000, 0x0000000099000000, 0x00000000d5580000)
  object space 409600K, 99% used [0x0000000080000000,0x0000000098ffd770,0x0000000099000000)
 Metaspace       used 65787K, committed 67200K, reserved 1114112K
  class space    used 7087K, committed 7680K, reserved 1048576K
}
Event: 121.744 GC heap before
{Heap before GC invocations=450 (full 3):
 PSYoungGen      total 3584K, used 3264K [0x00000000d5580000, 0x00000000d5c80000, 0x0000000100000000)
  eden space 3072K, 100% used [0x00000000d5580000,0x00000000d5880000,0x00000000d5880000)
  from space 512K, 37% used [0x00000000d5c00000,0x00000000d5c30000,0x00000000d5c80000)
  to   space 512K, 0% used [0x00000000d5b80000,0x00000000d5b80000,0x00000000d5c00000)
 ParOldGen       total 409600K, used 409589K [0x0000000080000000, 0x0000000099000000, 0x00000000d5580000)
  object space 409600K, 99% used [0x0000000080000000,0x0000000098ffd770,0x0000000099000000)
 Metaspace       used 65948K, committed 67328K, reserved 1114112K
  class space    used 7121K, committed 7680K, reserved 1048576K
}
Event: 121.751 GC heap after
{Heap after GC invocations=450 (full 3):
 PSYoungGen      total 3584K, used 487K [0x00000000d5580000, 0x00000000d5c80000, 0x0000000100000000)
  eden space 3072K, 0% used [0x00000000d5580000,0x00000000d5580000,0x00000000d5880000)
  from space 512K, 95% used [0x00000000d5b80000,0x00000000d5bf9c68,0x00000000d5c00000)
  to   space 512K, 0% used [0x00000000d5c00000,0x00000000d5c00000,0x00000000d5c80000)
 ParOldGen       total 410624K, used 410316K [0x0000000080000000, 0x0000000099100000, 0x00000000d5580000)
  object space 410624K, 99% used [0x0000000080000000,0x00000000990b33d8,0x0000000099100000)
 Metaspace       used 65948K, committed 67328K, reserved 1114112K
  class space    used 7121K, committed 7680K, reserved 1048576K
}
Event: 125.734 GC heap before
{Heap before GC invocations=451 (full 3):
 PSYoungGen      total 3584K, used 3559K [0x00000000d5580000, 0x00000000d5c80000, 0x0000000100000000)
  eden space 3072K, 100% used [0x00000000d5580000,0x00000000d5880000,0x00000000d5880000)
  from space 512K, 95% used [0x00000000d5b80000,0x00000000d5bf9c68,0x00000000d5c00000)
  to   space 512K, 0% used [0x00000000d5c00000,0x00000000d5c00000,0x00000000d5c80000)
 ParOldGen       total 410624K, used 410316K [0x0000000080000000, 0x0000000099100000, 0x00000000d5580000)
  object space 410624K, 99% used [0x0000000080000000,0x00000000990b33d8,0x0000000099100000)
 Metaspace       used 66125K, committed 67456K, reserved 1114112K
  class space    used 7133K, committed 7680K, reserved 1048576K
}
Event: 125.944 GC heap after
{Heap after GC invocations=451 (full 3):
 PSYoungGen      total 3584K, used 352K [0x00000000d5580000, 0x00000000d5c80000, 0x0000000100000000)
  eden space 3072K, 0% used [0x00000000d5580000,0x00000000d5580000,0x00000000d5880000)
  from space 512K, 68% used [0x00000000d5c00000,0x00000000d5c58000,0x00000000d5c80000)
  to   space 1024K, 0% used [0x00000000d5a80000,0x00000000d5a80000,0x00000000d5b80000)
 ParOldGen       total 410624K, used 410540K [0x0000000080000000, 0x0000000099100000, 0x00000000d5580000)
  object space 410624K, 99% used [0x0000000080000000,0x00000000990eb3d8,0x0000000099100000)
 Metaspace       used 66125K, committed 67456K, reserved 1114112K
  class space    used 7133K, committed 7680K, reserved 1048576K
}
Event: 306.355 GC heap before
{Heap before GC invocations=452 (full 3):
 PSYoungGen      total 3584K, used 3360K [0x00000000d5580000, 0x00000000d5c80000, 0x0000000100000000)
  eden space 3072K, 97% used [0x00000000d5580000,0x00000000d58703f8,0x00000000d5880000)
  from space 512K, 68% used [0x00000000d5c00000,0x00000000d5c58000,0x00000000d5c80000)
  to   space 1024K, 0% used [0x00000000d5a80000,0x00000000d5a80000,0x00000000d5b80000)
 ParOldGen       total 410624K, used 410540K [0x0000000080000000, 0x0000000099100000, 0x00000000d5580000)
  object space 410624K, 99% used [0x0000000080000000,0x00000000990eb3d8,0x0000000099100000)
 Metaspace       used 66218K, committed 67584K, reserved 1114112K
  class space    used 7136K, committed 7680K, reserved 1048576K
}
Event: 306.728 GC heap after
{Heap after GC invocations=452 (full 3):
 PSYoungGen      total 4096K, used 416K [0x00000000d5580000, 0x00000000d5c80000, 0x0000000100000000)
  eden space 3072K, 0% used [0x00000000d5580000,0x00000000d5580000,0x00000000d5880000)
  from space 1024K, 40% used [0x00000000d5a80000,0x00000000d5ae8030,0x00000000d5b80000)
  to   space 512K, 0% used [0x00000000d5c00000,0x00000000d5c00000,0x00000000d5c80000)
 ParOldGen       total 411136K, used 410828K [0x0000000080000000, 0x0000000099180000, 0x00000000d5580000)
  object space 411136K, 99% used [0x0000000080000000,0x00000000991333d8,0x0000000099180000)
 Metaspace       used 66218K, committed 67584K, reserved 1114112K
  class space    used 7136K, committed 7680K, reserved 1048576K
}
Event: 971.204 GC heap before
{Heap before GC invocations=453 (full 3):
 PSYoungGen      total 4096K, used 3488K [0x00000000d5580000, 0x00000000d5c80000, 0x0000000100000000)
  eden space 3072K, 100% used [0x00000000d5580000,0x00000000d5880000,0x00000000d5880000)
  from space 1024K, 40% used [0x00000000d5a80000,0x00000000d5ae8030,0x00000000d5b80000)
  to   space 512K, 0% used [0x00000000d5c00000,0x00000000d5c00000,0x00000000d5c80000)
 ParOldGen       total 411136K, used 410828K [0x0000000080000000, 0x0000000099180000, 0x00000000d5580000)
  object space 411136K, 99% used [0x0000000080000000,0x00000000991333d8,0x0000000099180000)
 Metaspace       used 66260K, committed 67648K, reserved 1114112K
  class space    used 7138K, committed 7680K, reserved 1048576K
}
Event: 971.699 GC heap after
{Heap after GC invocations=453 (full 3):
 PSYoungGen      total 3584K, used 128K [0x00000000d5580000, 0x00000000d5c80000, 0x0000000100000000)
  eden space 3072K, 0% used [0x00000000d5580000,0x00000000d5580000,0x00000000d5880000)
  from space 512K, 25% used [0x00000000d5c00000,0x00000000d5c20000,0x00000000d5c80000)
  to   space 512K, 0% used [0x00000000d5b80000,0x00000000d5b80000,0x00000000d5c00000)
 ParOldGen       total 411136K, used 410916K [0x0000000080000000, 0x0000000099180000, 0x00000000d5580000)
  object space 411136K, 99% used [0x0000000080000000,0x00000000991493f8,0x0000000099180000)
 Metaspace       used 66260K, committed 67648K, reserved 1114112K
  class space    used 7138K, committed 7680K, reserved 1048576K
}
Event: 2239.732 GC heap before
{Heap before GC invocations=454 (full 3):
 PSYoungGen      total 3584K, used 3192K [0x00000000d5580000, 0x00000000d5c80000, 0x0000000100000000)
  eden space 3072K, 99% used [0x00000000d5580000,0x00000000d587e1b0,0x00000000d5880000)
  from space 512K, 25% used [0x00000000d5c00000,0x00000000d5c20000,0x00000000d5c80000)
  to   space 512K, 0% used [0x00000000d5b80000,0x00000000d5b80000,0x00000000d5c00000)
 ParOldGen       total 411136K, used 410916K [0x0000000080000000, 0x0000000099180000, 0x00000000d5580000)
  object space 411136K, 99% used [0x0000000080000000,0x00000000991493f8,0x0000000099180000)
 Metaspace       used 66335K, committed 67648K, reserved 1114112K
  class space    used 7138K, committed 7680K, reserved 1048576K
}
Event: 2240.108 GC heap after
{Heap after GC invocations=454 (full 3):
 PSYoungGen      total 3584K, used 128K [0x00000000d5580000, 0x00000000d5c80000, 0x0000000100000000)
  eden space 3072K, 0% used [0x00000000d5580000,0x00000000d5580000,0x00000000d5880000)
  from space 512K, 25% used [0x00000000d5b80000,0x00000000d5ba0000,0x00000000d5c00000)
  to   space 512K, 0% used [0x00000000d5c00000,0x00000000d5c00000,0x00000000d5c80000)
 ParOldGen       total 411136K, used 410948K [0x0000000080000000, 0x0000000099180000, 0x00000000d5580000)
  object space 411136K, 99% used [0x0000000080000000,0x00000000991513f8,0x0000000099180000)
 Metaspace       used 66335K, committed 67648K, reserved 1114112K
  class space    used 7138K, committed 7680K, reserved 1048576K
}

